<?xml version="1.0" encoding="UTF-8"?>
<!-- Generated by org.testng.reporters.JUnitXMLReporter -->
<testsuite ignored="0" hostname="Shivanis-MBP-2" failures="1" tests="3" name="Test" time="16.152" errors="0" timestamp="2024-05-26T01:33:26 EDT">
  <testcase classname="com.shivani.Demo1" name="connect_to_db" time="0.524"/>
  <testcase classname="com.shivani.Demo1" name="enter_username_and_password" time="6.312"/>
  <testcase classname="com.shivani.Demo1" name="user_login_successful" time="0.4">
    <failure type="java.lang.AssertionError" message="expected [Facebook] but found [(1) Facebook]">
      <![CDATA[java.lang.AssertionError: expected [Facebook] but found [(1) Facebook]
at com.shivani.Demo1.user_login_successful(Demo1.java:86)
at java.base/java.util.ArrayList.forEach(ArrayList.java:1596)
... Removed 31 stack frames]]>
    </failure>
  </testcase> <!-- user_login_successful -->
</testsuite> <!-- Test -->
